<?xml version="1.0" encoding="UTF-8"?>
<!-- Generated by org.testng.reporters.JUnitReportReporter -->
<testsuite skipped="0" hostname="DESKTOP-6OH6MVQ" name="TestNG.actitimeexcel" tests="2" failures="0" timestamp="2022-01-22T10:35:12 IST" time="28.996" errors="0">
  <testcase name="testPosition" time="14.137" classname="TestNG.actitimeexcel"/>
  <system-out/>
  <testcase name="loginIntoActitimeApp" time="14.859" classname="TestNG.actitimeexcel"/>
  <system-out/>
</testsuite> <!-- TestNG.actitimeexcel -->
