<?xml version="1.0" encoding="UTF-8"?>
<!-- Generated by org.testng.reporters.JUnitReportReporter -->
<testsuite skipped="0" hostname="DESKTOP-6OH6MVQ" name="dateprgm.date1" tests="1" failures="0" timestamp="2022-01-22T11:11:48 IST" time="0.025" errors="0">
  <testcase name="date" time="0.025" classname="dateprgm.date1"/>
  <system-out/>
</testsuite> <!-- dateprgm.date1 -->
