<?xml version="1.0" encoding="UTF-8"?>
<!-- Generated by org.testng.reporters.JUnitReportReporter -->
<testsuite skipped="0" hostname="DESKTOP-6OH6MVQ" name="xmlpkg.excelreading" tests="9" failures="0" timestamp="2022-01-22T10:07:33 IST" time="0.313" errors="8">
  <testcase name="getEachRowFirstCellValue" time="0.019" classname="xmlpkg.excelreading">
    <error type="org.apache.poi.EmptyFileException" message="The supplied file was empty (zero bytes long)">
      <![CDATA[org.apache.poi.EmptyFileException: The supplied file was empty (zero bytes long)
at org.apache.poi.util.IOUtils.peekFirstNBytes(IOUtils.java:82)
at org.apache.poi.util.IOUtils.peekFirst8Bytes(IOUtils.java:65)
at org.apache.poi.poifs.filesystem.FileMagic.valueOf(FileMagic.java:158)
at org.apache.poi.openxml4j.opc.internal.ZipHelper.verifyZipHeader(ZipHelper.java:143)
at org.apache.poi.openxml4j.opc.internal.ZipHelper.openZipStream(ZipHelper.java:177)
at org.apache.poi.openxml4j.opc.ZipPackage.<init>(ZipPackage.java:104)
at org.apache.poi.openxml4j.opc.OPCPackage.open(OPCPackage.java:298)
at org.apache.poi.ooxml.util.PackageHelper.open(PackageHelper.java:37)
at org.apache.poi.xssf.usermodel.XSSFWorkbook.<init>(XSSFWorkbook.java:307)
at xmlpkg.excelreading.getEachRowFirstCellValue(excelreading.java:145)
at sun.reflect.NativeMethodAccessorImpl.invoke0(Native Method)
at sun.reflect.NativeMethodAccessorImpl.invoke(Unknown Source)
at sun.reflect.DelegatingMethodAccessorImpl.invoke(Unknown Source)
at java.lang.reflect.Method.invoke(Unknown Source)
at org.testng.internal.MethodInvocationHelper.invokeMethod(MethodInvocationHelper.java:133)
at org.testng.internal.TestInvoker.invokeMethod(TestInvoker.java:598)
at org.testng.internal.TestInvoker.invokeTestMethod(TestInvoker.java:173)
at org.testng.internal.MethodRunner.runInSequence(MethodRunner.java:46)
at org.testng.internal.TestInvoker$MethodInvocationAgent.invoke(TestInvoker.java:824)
at org.testng.internal.TestInvoker.invokeTestMethods(TestInvoker.java:146)
at org.testng.internal.TestMethodWorker.invokeTestMethods(TestMethodWorker.java:146)
at org.testng.internal.TestMethodWorker.run(TestMethodWorker.java:128)
at java.util.ArrayList.forEach(Unknown Source)
at org.testng.TestRunner.privateRun(TestRunner.java:794)
at org.testng.TestRunner.run(TestRunner.java:596)
at org.testng.SuiteRunner.runTest(SuiteRunner.java:377)
at org.testng.SuiteRunner.runSequentially(SuiteRunner.java:371)
at org.testng.SuiteRunner.privateRun(SuiteRunner.java:332)
at org.testng.SuiteRunner.run(SuiteRunner.java:276)
at org.testng.SuiteRunnerWorker.runSuite(SuiteRunnerWorker.java:53)
at org.testng.SuiteRunnerWorker.run(SuiteRunnerWorker.java:96)
at org.testng.TestNG.runSuitesSequentially(TestNG.java:1212)
at org.testng.TestNG.runSuitesLocally(TestNG.java:1134)
at org.testng.TestNG.runSuites(TestNG.java:1063)
at org.testng.TestNG.run(TestNG.java:1031)
at org.testng.remote.AbstractRemoteTestNG.run(AbstractRemoteTestNG.java:115)
at org.testng.remote.RemoteTestNG.initAndRun(RemoteTestNG.java:251)
at org.testng.remote.RemoteTestNG.main(RemoteTestNG.java:77)
]]>
    </error>
  </testcase> <!-- getEachRowFirstCellValue -->
  <system-out/>
  <testcase name="getSheetName" time="0.009" classname="xmlpkg.excelreading">
    <error type="org.apache.poi.EmptyFileException" message="The supplied file was empty (zero bytes long)">
      <![CDATA[org.apache.poi.EmptyFileException: The supplied file was empty (zero bytes long)
at org.apache.poi.util.IOUtils.peekFirstNBytes(IOUtils.java:82)
at org.apache.poi.util.IOUtils.peekFirst8Bytes(IOUtils.java:65)
at org.apache.poi.poifs.filesystem.FileMagic.valueOf(FileMagic.java:158)
at org.apache.poi.openxml4j.opc.internal.ZipHelper.verifyZipHeader(ZipHelper.java:143)
at org.apache.poi.openxml4j.opc.internal.ZipHelper.openZipStream(ZipHelper.java:177)
at org.apache.poi.openxml4j.opc.ZipPackage.<init>(ZipPackage.java:104)
at org.apache.poi.openxml4j.opc.OPCPackage.open(OPCPackage.java:298)
at org.apache.poi.ooxml.util.PackageHelper.open(PackageHelper.java:37)
at org.apache.poi.xssf.usermodel.XSSFWorkbook.<init>(XSSFWorkbook.java:307)
at xmlpkg.excelreading.getSheetName(excelreading.java:29)
at sun.reflect.NativeMethodAccessorImpl.invoke0(Native Method)
at sun.reflect.NativeMethodAccessorImpl.invoke(Unknown Source)
at sun.reflect.DelegatingMethodAccessorImpl.invoke(Unknown Source)
at java.lang.reflect.Method.invoke(Unknown Source)
at org.testng.internal.MethodInvocationHelper.invokeMethod(MethodInvocationHelper.java:133)
at org.testng.internal.TestInvoker.invokeMethod(TestInvoker.java:598)
at org.testng.internal.TestInvoker.invokeTestMethod(TestInvoker.java:173)
at org.testng.internal.MethodRunner.runInSequence(MethodRunner.java:46)
at org.testng.internal.TestInvoker$MethodInvocationAgent.invoke(TestInvoker.java:824)
at org.testng.internal.TestInvoker.invokeTestMethods(TestInvoker.java:146)
at org.testng.internal.TestMethodWorker.invokeTestMethods(TestMethodWorker.java:146)
at org.testng.internal.TestMethodWorker.run(TestMethodWorker.java:128)
at java.util.ArrayList.forEach(Unknown Source)
at org.testng.TestRunner.privateRun(TestRunner.java:794)
at org.testng.TestRunner.run(TestRunner.java:596)
at org.testng.SuiteRunner.runTest(SuiteRunner.java:377)
at org.testng.SuiteRunner.runSequentially(SuiteRunner.java:371)
at org.testng.SuiteRunner.privateRun(SuiteRunner.java:332)
at org.testng.SuiteRunner.run(SuiteRunner.java:276)
at org.testng.SuiteRunnerWorker.runSuite(SuiteRunnerWorker.java:53)
at org.testng.SuiteRunnerWorker.run(SuiteRunnerWorker.java:96)
at org.testng.TestNG.runSuitesSequentially(TestNG.java:1212)
at org.testng.TestNG.runSuitesLocally(TestNG.java:1134)
at org.testng.TestNG.runSuites(TestNG.java:1063)
at org.testng.TestNG.run(TestNG.java:1031)
at org.testng.remote.AbstractRemoteTestNG.run(AbstractRemoteTestNG.java:115)
at org.testng.remote.RemoteTestNG.initAndRun(RemoteTestNG.java:251)
at org.testng.remote.RemoteTestNG.main(RemoteTestNG.java:77)
]]>
    </error>
  </testcase> <!-- getSheetName -->
  <system-out/>
  <testcase name="updateResult" time="0.007" classname="xmlpkg.excelreading">
    <error type="org.apache.poi.EmptyFileException" message="The supplied file was empty (zero bytes long)">
      <![CDATA[org.apache.poi.EmptyFileException: The supplied file was empty (zero bytes long)
at org.apache.poi.util.IOUtils.peekFirstNBytes(IOUtils.java:82)
at org.apache.poi.util.IOUtils.peekFirst8Bytes(IOUtils.java:65)
at org.apache.poi.poifs.filesystem.FileMagic.valueOf(FileMagic.java:158)
at org.apache.poi.openxml4j.opc.internal.ZipHelper.verifyZipHeader(ZipHelper.java:143)
at org.apache.poi.openxml4j.opc.internal.ZipHelper.openZipStream(ZipHelper.java:177)
at org.apache.poi.openxml4j.opc.ZipPackage.<init>(ZipPackage.java:104)
at org.apache.poi.openxml4j.opc.OPCPackage.open(OPCPackage.java:298)
at org.apache.poi.ooxml.util.PackageHelper.open(PackageHelper.java:37)
at org.apache.poi.xssf.usermodel.XSSFWorkbook.<init>(XSSFWorkbook.java:307)
at xmlpkg.excelreading.updateResult(excelreading.java:201)
at sun.reflect.NativeMethodAccessorImpl.invoke0(Native Method)
at sun.reflect.NativeMethodAccessorImpl.invoke(Unknown Source)
at sun.reflect.DelegatingMethodAccessorImpl.invoke(Unknown Source)
at java.lang.reflect.Method.invoke(Unknown Source)
at org.testng.internal.MethodInvocationHelper.invokeMethod(MethodInvocationHelper.java:133)
at org.testng.internal.TestInvoker.invokeMethod(TestInvoker.java:598)
at org.testng.internal.TestInvoker.invokeTestMethod(TestInvoker.java:173)
at org.testng.internal.MethodRunner.runInSequence(MethodRunner.java:46)
at org.testng.internal.TestInvoker$MethodInvocationAgent.invoke(TestInvoker.java:824)
at org.testng.internal.TestInvoker.invokeTestMethods(TestInvoker.java:146)
at org.testng.internal.TestMethodWorker.invokeTestMethods(TestMethodWorker.java:146)
at org.testng.internal.TestMethodWorker.run(TestMethodWorker.java:128)
at java.util.ArrayList.forEach(Unknown Source)
at org.testng.TestRunner.privateRun(TestRunner.java:794)
at org.testng.TestRunner.run(TestRunner.java:596)
at org.testng.SuiteRunner.runTest(SuiteRunner.java:377)
at org.testng.SuiteRunner.runSequentially(SuiteRunner.java:371)
at org.testng.SuiteRunner.privateRun(SuiteRunner.java:332)
at org.testng.SuiteRunner.run(SuiteRunner.java:276)
at org.testng.SuiteRunnerWorker.runSuite(SuiteRunnerWorker.java:53)
at org.testng.SuiteRunnerWorker.run(SuiteRunnerWorker.java:96)
at org.testng.TestNG.runSuitesSequentially(TestNG.java:1212)
at org.testng.TestNG.runSuitesLocally(TestNG.java:1134)
at org.testng.TestNG.runSuites(TestNG.java:1063)
at org.testng.TestNG.run(TestNG.java:1031)
at org.testng.remote.AbstractRemoteTestNG.run(AbstractRemoteTestNG.java:115)
at org.testng.remote.RemoteTestNG.initAndRun(RemoteTestNG.java:251)
at org.testng.remote.RemoteTestNG.main(RemoteTestNG.java:77)
]]>
    </error>
  </testcase> <!-- updateResult -->
  <system-out/>
  <testcase name="getDifferentCellValues_2" time="0.041" classname="xmlpkg.excelreading">
    <error type="org.apache.poi.EmptyFileException" message="The supplied file was empty (zero bytes long)">
      <![CDATA[org.apache.poi.EmptyFileException: The supplied file was empty (zero bytes long)
at org.apache.poi.util.IOUtils.peekFirstNBytes(IOUtils.java:82)
at org.apache.poi.util.IOUtils.peekFirst8Bytes(IOUtils.java:65)
at org.apache.poi.poifs.filesystem.FileMagic.valueOf(FileMagic.java:158)
at org.apache.poi.openxml4j.opc.internal.ZipHelper.verifyZipHeader(ZipHelper.java:143)
at org.apache.poi.openxml4j.opc.internal.ZipHelper.openZipStream(ZipHelper.java:177)
at org.apache.poi.openxml4j.opc.ZipPackage.<init>(ZipPackage.java:104)
at org.apache.poi.openxml4j.opc.OPCPackage.open(OPCPackage.java:298)
at org.apache.poi.ooxml.util.PackageHelper.open(PackageHelper.java:37)
at org.apache.poi.xssf.usermodel.XSSFWorkbook.<init>(XSSFWorkbook.java:307)
at xmlpkg.excelreading.getDifferentCellValues_2(excelreading.java:111)
at sun.reflect.NativeMethodAccessorImpl.invoke0(Native Method)
at sun.reflect.NativeMethodAccessorImpl.invoke(Unknown Source)
at sun.reflect.DelegatingMethodAccessorImpl.invoke(Unknown Source)
at java.lang.reflect.Method.invoke(Unknown Source)
at org.testng.internal.MethodInvocationHelper.invokeMethod(MethodInvocationHelper.java:133)
at org.testng.internal.TestInvoker.invokeMethod(TestInvoker.java:598)
at org.testng.internal.TestInvoker.invokeTestMethod(TestInvoker.java:173)
at org.testng.internal.MethodRunner.runInSequence(MethodRunner.java:46)
at org.testng.internal.TestInvoker$MethodInvocationAgent.invoke(TestInvoker.java:824)
at org.testng.internal.TestInvoker.invokeTestMethods(TestInvoker.java:146)
at org.testng.internal.TestMethodWorker.invokeTestMethods(TestMethodWorker.java:146)
at org.testng.internal.TestMethodWorker.run(TestMethodWorker.java:128)
at java.util.ArrayList.forEach(Unknown Source)
at org.testng.TestRunner.privateRun(TestRunner.java:794)
at org.testng.TestRunner.run(TestRunner.java:596)
at org.testng.SuiteRunner.runTest(SuiteRunner.java:377)
at org.testng.SuiteRunner.runSequentially(SuiteRunner.java:371)
at org.testng.SuiteRunner.privateRun(SuiteRunner.java:332)
at org.testng.SuiteRunner.run(SuiteRunner.java:276)
at org.testng.SuiteRunnerWorker.runSuite(SuiteRunnerWorker.java:53)
at org.testng.SuiteRunnerWorker.run(SuiteRunnerWorker.java:96)
at org.testng.TestNG.runSuitesSequentially(TestNG.java:1212)
at org.testng.TestNG.runSuitesLocally(TestNG.java:1134)
at org.testng.TestNG.runSuites(TestNG.java:1063)
at org.testng.TestNG.run(TestNG.java:1031)
at org.testng.remote.AbstractRemoteTestNG.run(AbstractRemoteTestNG.java:115)
at org.testng.remote.RemoteTestNG.initAndRun(RemoteTestNG.java:251)
at org.testng.remote.RemoteTestNG.main(RemoteTestNG.java:77)
]]>
    </error>
  </testcase> <!-- getDifferentCellValues_2 -->
  <system-out/>
  <testcase name="getEachRowAllCellValue" time="0.007" classname="xmlpkg.excelreading">
    <error type="org.apache.poi.EmptyFileException" message="The supplied file was empty (zero bytes long)">
      <![CDATA[org.apache.poi.EmptyFileException: The supplied file was empty (zero bytes long)
at org.apache.poi.util.IOUtils.peekFirstNBytes(IOUtils.java:82)
at org.apache.poi.util.IOUtils.peekFirst8Bytes(IOUtils.java:65)
at org.apache.poi.poifs.filesystem.FileMagic.valueOf(FileMagic.java:158)
at org.apache.poi.openxml4j.opc.internal.ZipHelper.verifyZipHeader(ZipHelper.java:143)
at org.apache.poi.openxml4j.opc.internal.ZipHelper.openZipStream(ZipHelper.java:177)
at org.apache.poi.openxml4j.opc.ZipPackage.<init>(ZipPackage.java:104)
at org.apache.poi.openxml4j.opc.OPCPackage.open(OPCPackage.java:298)
at org.apache.poi.ooxml.util.PackageHelper.open(PackageHelper.java:37)
at org.apache.poi.xssf.usermodel.XSSFWorkbook.<init>(XSSFWorkbook.java:307)
at xmlpkg.excelreading.getEachRowAllCellValue(excelreading.java:166)
at sun.reflect.NativeMethodAccessorImpl.invoke0(Native Method)
at sun.reflect.NativeMethodAccessorImpl.invoke(Unknown Source)
at sun.reflect.DelegatingMethodAccessorImpl.invoke(Unknown Source)
at java.lang.reflect.Method.invoke(Unknown Source)
at org.testng.internal.MethodInvocationHelper.invokeMethod(MethodInvocationHelper.java:133)
at org.testng.internal.TestInvoker.invokeMethod(TestInvoker.java:598)
at org.testng.internal.TestInvoker.invokeTestMethod(TestInvoker.java:173)
at org.testng.internal.MethodRunner.runInSequence(MethodRunner.java:46)
at org.testng.internal.TestInvoker$MethodInvocationAgent.invoke(TestInvoker.java:824)
at org.testng.internal.TestInvoker.invokeTestMethods(TestInvoker.java:146)
at org.testng.internal.TestMethodWorker.invokeTestMethods(TestMethodWorker.java:146)
at org.testng.internal.TestMethodWorker.run(TestMethodWorker.java:128)
at java.util.ArrayList.forEach(Unknown Source)
at org.testng.TestRunner.privateRun(TestRunner.java:794)
at org.testng.TestRunner.run(TestRunner.java:596)
at org.testng.SuiteRunner.runTest(SuiteRunner.java:377)
at org.testng.SuiteRunner.runSequentially(SuiteRunner.java:371)
at org.testng.SuiteRunner.privateRun(SuiteRunner.java:332)
at org.testng.SuiteRunner.run(SuiteRunner.java:276)
at org.testng.SuiteRunnerWorker.runSuite(SuiteRunnerWorker.java:53)
at org.testng.SuiteRunnerWorker.run(SuiteRunnerWorker.java:96)
at org.testng.TestNG.runSuitesSequentially(TestNG.java:1212)
at org.testng.TestNG.runSuitesLocally(TestNG.java:1134)
at org.testng.TestNG.runSuites(TestNG.java:1063)
at org.testng.TestNG.run(TestNG.java:1031)
at org.testng.remote.AbstractRemoteTestNG.run(AbstractRemoteTestNG.java:115)
at org.testng.remote.RemoteTestNG.initAndRun(RemoteTestNG.java:251)
at org.testng.remote.RemoteTestNG.main(RemoteTestNG.java:77)
]]>
    </error>
  </testcase> <!-- getEachRowAllCellValue -->
  <system-out/>
  <testcase name="createNewExcelFile" time="0.017" classname="xmlpkg.excelreading"/>
  <system-out/>
  <testcase name="getCellOperation" time="0.190" classname="xmlpkg.excelreading">
    <error type="org.apache.poi.EmptyFileException" message="The supplied file was empty (zero bytes long)">
      <![CDATA[org.apache.poi.EmptyFileException: The supplied file was empty (zero bytes long)
at org.apache.poi.util.IOUtils.peekFirstNBytes(IOUtils.java:82)
at org.apache.poi.util.IOUtils.peekFirst8Bytes(IOUtils.java:65)
at org.apache.poi.poifs.filesystem.FileMagic.valueOf(FileMagic.java:158)
at org.apache.poi.openxml4j.opc.internal.ZipHelper.verifyZipHeader(ZipHelper.java:143)
at org.apache.poi.openxml4j.opc.internal.ZipHelper.openZipStream(ZipHelper.java:177)
at org.apache.poi.openxml4j.opc.ZipPackage.<init>(ZipPackage.java:104)
at org.apache.poi.openxml4j.opc.OPCPackage.open(OPCPackage.java:298)
at org.apache.poi.ooxml.util.PackageHelper.open(PackageHelper.java:37)
at org.apache.poi.xssf.usermodel.XSSFWorkbook.<init>(XSSFWorkbook.java:307)
at xmlpkg.excelreading.getCellOperation(excelreading.java:61)
at sun.reflect.NativeMethodAccessorImpl.invoke0(Native Method)
at sun.reflect.NativeMethodAccessorImpl.invoke(Unknown Source)
at sun.reflect.DelegatingMethodAccessorImpl.invoke(Unknown Source)
at java.lang.reflect.Method.invoke(Unknown Source)
at org.testng.internal.MethodInvocationHelper.invokeMethod(MethodInvocationHelper.java:133)
at org.testng.internal.TestInvoker.invokeMethod(TestInvoker.java:598)
at org.testng.internal.TestInvoker.invokeTestMethod(TestInvoker.java:173)
at org.testng.internal.MethodRunner.runInSequence(MethodRunner.java:46)
at org.testng.internal.TestInvoker$MethodInvocationAgent.invoke(TestInvoker.java:824)
at org.testng.internal.TestInvoker.invokeTestMethods(TestInvoker.java:146)
at org.testng.internal.TestMethodWorker.invokeTestMethods(TestMethodWorker.java:146)
at org.testng.internal.TestMethodWorker.run(TestMethodWorker.java:128)
at java.util.ArrayList.forEach(Unknown Source)
at org.testng.TestRunner.privateRun(TestRunner.java:794)
at org.testng.TestRunner.run(TestRunner.java:596)
at org.testng.SuiteRunner.runTest(SuiteRunner.java:377)
at org.testng.SuiteRunner.runSequentially(SuiteRunner.java:371)
at org.testng.SuiteRunner.privateRun(SuiteRunner.java:332)
at org.testng.SuiteRunner.run(SuiteRunner.java:276)
at org.testng.SuiteRunnerWorker.runSuite(SuiteRunnerWorker.java:53)
at org.testng.SuiteRunnerWorker.run(SuiteRunnerWorker.java:96)
at org.testng.TestNG.runSuitesSequentially(TestNG.java:1212)
at org.testng.TestNG.runSuitesLocally(TestNG.java:1134)
at org.testng.TestNG.runSuites(TestNG.java:1063)
at org.testng.TestNG.run(TestNG.java:1031)
at org.testng.remote.AbstractRemoteTestNG.run(AbstractRemoteTestNG.java:115)
at org.testng.remote.RemoteTestNG.initAndRun(RemoteTestNG.java:251)
at org.testng.remote.RemoteTestNG.main(RemoteTestNG.java:77)
]]>
    </error>
  </testcase> <!-- getCellOperation -->
  <system-out/>
  <testcase name="getRowOperation" time="0.015" classname="xmlpkg.excelreading">
    <error type="org.apache.poi.EmptyFileException" message="The supplied file was empty (zero bytes long)">
      <![CDATA[org.apache.poi.EmptyFileException: The supplied file was empty (zero bytes long)
at org.apache.poi.util.IOUtils.peekFirstNBytes(IOUtils.java:82)
at org.apache.poi.util.IOUtils.peekFirst8Bytes(IOUtils.java:65)
at org.apache.poi.poifs.filesystem.FileMagic.valueOf(FileMagic.java:158)
at org.apache.poi.openxml4j.opc.internal.ZipHelper.verifyZipHeader(ZipHelper.java:143)
at org.apache.poi.openxml4j.opc.internal.ZipHelper.openZipStream(ZipHelper.java:177)
at org.apache.poi.openxml4j.opc.ZipPackage.<init>(ZipPackage.java:104)
at org.apache.poi.openxml4j.opc.OPCPackage.open(OPCPackage.java:298)
at org.apache.poi.ooxml.util.PackageHelper.open(PackageHelper.java:37)
at org.apache.poi.xssf.usermodel.XSSFWorkbook.<init>(XSSFWorkbook.java:307)
at xmlpkg.excelreading.getRowOperation(excelreading.java:46)
at sun.reflect.NativeMethodAccessorImpl.invoke0(Native Method)
at sun.reflect.NativeMethodAccessorImpl.invoke(Unknown Source)
at sun.reflect.DelegatingMethodAccessorImpl.invoke(Unknown Source)
at java.lang.reflect.Method.invoke(Unknown Source)
at org.testng.internal.MethodInvocationHelper.invokeMethod(MethodInvocationHelper.java:133)
at org.testng.internal.TestInvoker.invokeMethod(TestInvoker.java:598)
at org.testng.internal.TestInvoker.invokeTestMethod(TestInvoker.java:173)
at org.testng.internal.MethodRunner.runInSequence(MethodRunner.java:46)
at org.testng.internal.TestInvoker$MethodInvocationAgent.invoke(TestInvoker.java:824)
at org.testng.internal.TestInvoker.invokeTestMethods(TestInvoker.java:146)
at org.testng.internal.TestMethodWorker.invokeTestMethods(TestMethodWorker.java:146)
at org.testng.internal.TestMethodWorker.run(TestMethodWorker.java:128)
at java.util.ArrayList.forEach(Unknown Source)
at org.testng.TestRunner.privateRun(TestRunner.java:794)
at org.testng.TestRunner.run(TestRunner.java:596)
at org.testng.SuiteRunner.runTest(SuiteRunner.java:377)
at org.testng.SuiteRunner.runSequentially(SuiteRunner.java:371)
at org.testng.SuiteRunner.privateRun(SuiteRunner.java:332)
at org.testng.SuiteRunner.run(SuiteRunner.java:276)
at org.testng.SuiteRunnerWorker.runSuite(SuiteRunnerWorker.java:53)
at org.testng.SuiteRunnerWorker.run(SuiteRunnerWorker.java:96)
at org.testng.TestNG.runSuitesSequentially(TestNG.java:1212)
at org.testng.TestNG.runSuitesLocally(TestNG.java:1134)
at org.testng.TestNG.runSuites(TestNG.java:1063)
at org.testng.TestNG.run(TestNG.java:1031)
at org.testng.remote.AbstractRemoteTestNG.run(AbstractRemoteTestNG.java:115)
at org.testng.remote.RemoteTestNG.initAndRun(RemoteTestNG.java:251)
at org.testng.remote.RemoteTestNG.main(RemoteTestNG.java:77)
]]>
    </error>
  </testcase> <!-- getRowOperation -->
  <system-out/>
  <testcase name="getDifferentCellValues" time="0.008" classname="xmlpkg.excelreading">
    <error type="org.apache.poi.EmptyFileException" message="The supplied file was empty (zero bytes long)">
      <![CDATA[org.apache.poi.EmptyFileException: The supplied file was empty (zero bytes long)
at org.apache.poi.util.IOUtils.peekFirstNBytes(IOUtils.java:82)
at org.apache.poi.util.IOUtils.peekFirst8Bytes(IOUtils.java:65)
at org.apache.poi.poifs.filesystem.FileMagic.valueOf(FileMagic.java:158)
at org.apache.poi.openxml4j.opc.internal.ZipHelper.verifyZipHeader(ZipHelper.java:143)
at org.apache.poi.openxml4j.opc.internal.ZipHelper.openZipStream(ZipHelper.java:177)
at org.apache.poi.openxml4j.opc.ZipPackage.<init>(ZipPackage.java:104)
at org.apache.poi.openxml4j.opc.OPCPackage.open(OPCPackage.java:298)
at org.apache.poi.ooxml.util.PackageHelper.open(PackageHelper.java:37)
at org.apache.poi.xssf.usermodel.XSSFWorkbook.<init>(XSSFWorkbook.java:307)
at xmlpkg.excelreading.getDifferentCellValues(excelreading.java:78)
at sun.reflect.NativeMethodAccessorImpl.invoke0(Native Method)
at sun.reflect.NativeMethodAccessorImpl.invoke(Unknown Source)
at sun.reflect.DelegatingMethodAccessorImpl.invoke(Unknown Source)
at java.lang.reflect.Method.invoke(Unknown Source)
at org.testng.internal.MethodInvocationHelper.invokeMethod(MethodInvocationHelper.java:133)
at org.testng.internal.TestInvoker.invokeMethod(TestInvoker.java:598)
at org.testng.internal.TestInvoker.invokeTestMethod(TestInvoker.java:173)
at org.testng.internal.MethodRunner.runInSequence(MethodRunner.java:46)
at org.testng.internal.TestInvoker$MethodInvocationAgent.invoke(TestInvoker.java:824)
at org.testng.internal.TestInvoker.invokeTestMethods(TestInvoker.java:146)
at org.testng.internal.TestMethodWorker.invokeTestMethods(TestMethodWorker.java:146)
at org.testng.internal.TestMethodWorker.run(TestMethodWorker.java:128)
at java.util.ArrayList.forEach(Unknown Source)
at org.testng.TestRunner.privateRun(TestRunner.java:794)
at org.testng.TestRunner.run(TestRunner.java:596)
at org.testng.SuiteRunner.runTest(SuiteRunner.java:377)
at org.testng.SuiteRunner.runSequentially(SuiteRunner.java:371)
at org.testng.SuiteRunner.privateRun(SuiteRunner.java:332)
at org.testng.SuiteRunner.run(SuiteRunner.java:276)
at org.testng.SuiteRunnerWorker.runSuite(SuiteRunnerWorker.java:53)
at org.testng.SuiteRunnerWorker.run(SuiteRunnerWorker.java:96)
at org.testng.TestNG.runSuitesSequentially(TestNG.java:1212)
at org.testng.TestNG.runSuitesLocally(TestNG.java:1134)
at org.testng.TestNG.runSuites(TestNG.java:1063)
at org.testng.TestNG.run(TestNG.java:1031)
at org.testng.remote.AbstractRemoteTestNG.run(AbstractRemoteTestNG.java:115)
at org.testng.remote.RemoteTestNG.initAndRun(RemoteTestNG.java:251)
at org.testng.remote.RemoteTestNG.main(RemoteTestNG.java:77)
]]>
    </error>
  </testcase> <!-- getDifferentCellValues -->
  <system-out/>
</testsuite> <!-- xmlpkg.excelreading -->
