<?xml version="1.0" encoding="UTF-8"?>
<!-- Generated by org.testng.reporters.JUnitReportReporter -->
<testsuite skipped="0" hostname="DESKTOP-6OH6MVQ" name="practice.PracticeXL" tests="1" failures="0" timestamp="2022-01-22T13:08:07 IST" time="17.525" errors="0">
  <testcase name="f" time="17.525" classname="practice.PracticeXL"/>
  <system-out/>
</testsuite> <!-- practice.PracticeXL -->
